<?xml version="1.0" encoding="UTF-8"?>
<!-- Generated by org.testng.reporters.JUnitXMLReporter -->
<testsuite hostname="Home_E6440" ignored="1" name="SmokeTest" tests="1" failures="0" timestamp="16 Jul 2018 01:36:23 GMT" time="32.338" errors="0">
  <testcase name="e2eTransaction" time="27.529" classname="stewartpu.MagicMouse.SeleniumTest"/>
  <testcase name="login" time="0.0" classname="stewartpu.MagicMouse.SeleniumTest">
    <ignored/>
  </testcase> <!-- login -->
</testsuite> <!-- SmokeTest -->
