<?xml version="1.0" encoding="UTF-8"?>
<!-- Generated by org.testng.reporters.JUnitXMLReporter -->
<testsuite hostname="Home_E6440" ignored="0" name="Test" tests="6" failures="0" timestamp="16 Jul 2018 00:32:28 GMT" time="32.704" errors="0">
  <testcase name="e2eTransaction" time="22.54" classname="stewartpu.MagicMouse.SeleniumTest"/>
  <testcase name="login" time="6.437" classname="stewartpu.MagicMouse.SeleniumTest"/>
  <testcase name="deleteTwitter" time="0.004" classname="stewartpu.MagicMouse.RESTAPITest"/>
  <testcase name="postJIRA" time="0.0" classname="stewartpu.MagicMouse.RESTAPITest"/>
  <testcase name="androidTest" time="0.001" classname="stewartpu.MagicMouse.AppiumTest"/>
  <testcase name="iOSTest" time="0.0" classname="stewartpu.MagicMouse.AppiumTest"/>
</testsuite> <!-- Test -->
