<?xml version="1.0" encoding="UTF-8"?>
<!-- Generated by org.testng.reporters.JUnitXMLReporter -->
<testsuite hostname="Home_E6440" ignored="1" name="SmokeTest" tests="1" failures="0" timestamp="16 Jul 2018 00:37:03 GMT" time="37.664" errors="0">
  <testcase name="e2eTransaction" time="32.751" classname="stewartpu.MagicMouse.SeleniumTest"/>
  <testcase name="login" time="0.0" classname="stewartpu.MagicMouse.SeleniumTest">
    <ignored/>
  </testcase> <!-- login -->
</testsuite> <!-- SmokeTest -->
